Using pre-set license
Built from '2020.3/staging' branch; Version is '2020.3.11f1 (99c7afb366b3) revision 10078127'; Using compiler version '192528614'; Build Type 'Release'
OS: 'Windows 10 Pro; OS build 19043.1052; Version 2009; 64bit' Language: 'es' Physical Memory: 32711 MB
BatchMode: 1, IsHumanControllingUs: 0, StartBugReporterOnCrash: 0, Is64bit: 1, IsPro: 0

 COMMAND LINE ARGUMENTS:
C:\Program Files\Unity\Hub\Editor\2020.3.11f1\Editor\Unity.exe
-adb2
-batchMode
-noUpm
-name
AssetImportWorker0
-projectPath
D:/Documentos/GitHub/FlappyBird
-logFile
Logs/AssetImportWorker0.log
-srvPort
58410
Successfully changed project path to: D:/Documentos/GitHub/FlappyBird
D:/Documentos/GitHub/FlappyBird
Using Asset Import Pipeline V2.
Refreshing native plugins compatible for Editor in 26.34 ms, found 3 plugins.
Preloading 0 native plugins for Editor in 0.00 ms.
Initialize engine version: 2020.3.11f1 (99c7afb366b3)
[Subsystems] Discovering subsystems at path C:/Program Files/Unity/Hub/Editor/2020.3.11f1/Editor/Data/Resources/UnitySubsystems
[Subsystems] Discovering subsystems at path D:/Documentos/GitHub/FlappyBird/Assets
GfxDevice: creating device client; threaded=0
Direct3D:
    Version:  Direct3D 11.0 [level 11.1]
    Renderer: AMD Radeon RX 6700 XT (ID=0x73df)
    Vendor:   
    VRAM:     12244 MB
    Driver:   27.20.21003.1028
Initialize mono
Mono path[0] = 'C:/Program Files/Unity/Hub/Editor/2020.3.11f1/Editor/Data/Managed'
Mono path[1] = 'C:/Program Files/Unity/Hub/Editor/2020.3.11f1/Editor/Data/MonoBleedingEdge/lib/mono/unityjit'
Mono config path = 'C:/Program Files/Unity/Hub/Editor/2020.3.11f1/Editor/Data/MonoBleedingEdge/etc'
Using monoOptions --debugger-agent=transport=dt_socket,embedding=1,server=y,suspend=n,address=127.0.0.1:56520
Begin MonoManager ReloadAssembly
Registering precompiled unity dll's ...
Register platform support module: C:/Program Files/Unity/Hub/Editor/2020.3.11f1/Editor/Data/PlaybackEngines/WebGLSupport/UnityEditor.WebGL.Extensions.dll
Register platform support module: C:/Program Files/Unity/Hub/Editor/2020.3.11f1/Editor/Data/PlaybackEngines/WindowsStandaloneSupport/UnityEditor.WindowsStandalone.Extensions.dll
Registered in 0.001612 seconds.
Native extension for WindowsStandalone target not found
Native extension for WebGL target not found
Refreshing native plugins compatible for Editor in 27.23 ms, found 3 plugins.
Preloading 0 native plugins for Editor in 0.00 ms.
Mono: successfully reloaded assembly
- Completed reload, in  0.729 seconds
Platform modules already initialized, skipping
Registering precompiled user dll's ...
Registered in 0.001791 seconds.
Begin MonoManager ReloadAssembly
Native extension for WindowsStandalone target not found
Native extension for WebGL target not found
Refreshing native plugins compatible for Editor in 26.65 ms, found 3 plugins.
Preloading 0 native plugins for Editor in 0.00 ms.
Mono: successfully reloaded assembly
- Completed reload, in  0.711 seconds
Platform modules already initialized, skipping
========================================================================
Worker process is ready to serve import requests
Launched and connected shader compiler UnityShaderCompiler.exe after 0.03 seconds
Refreshing native plugins compatible for Editor in 0.46 ms, found 3 plugins.
Preloading 0 native plugins for Editor in 0.00 ms.
Unloading 2080 Unused Serialized files (Serialized files now loaded: 0)
System memory in use before: 92.8 MB.
System memory in use after: 92.8 MB.

Unloading 33 unused Assets to reduce memory usage. Loaded Objects now: 2513.
Total: 2.123900 ms (FindLiveObjects: 0.208700 ms CreateObjectMapping: 0.059100 ms MarkObjects: 1.750400 ms  DeleteObjects: 0.104600 ms)

========================================================================
Received Import Request.
  path: Assets/Scenes
  artifactKey: Guid(aa79f5964b0a274489bbf43362accf1a) Importer(815301076,1909f56bfc062723c751e8b465ee728b)
Start importing Assets/Scenes using Guid(aa79f5964b0a274489bbf43362accf1a) Importer(815301076,1909f56bfc062723c751e8b465ee728b)  -> (artifact id: 'abb8a0363407dfe365110150f5650d82') in 0.008223 seconds
  Import took 0.010698 seconds .

========================================================================
Received Import Request.
  Time since last request: 0.000126 seconds.
  path: Assets/Scenes/SampleScene.unity
  artifactKey: Guid(2cda990e2423bbf4892e6590ba056729) Importer(815301076,1909f56bfc062723c751e8b465ee728b)
Start importing Assets/Scenes/SampleScene.unity using Guid(2cda990e2423bbf4892e6590ba056729) Importer(815301076,1909f56bfc062723c751e8b465ee728b)  -> (artifact id: 'aa27944bdea339c97c39027c7eea529c') in 0.010025 seconds
  Import took 0.012163 seconds .

========================================================================
Received Import Request.
  Time since last request: 11.517626 seconds.
  path: Assets/Scenes/GameScene.unity
  artifactKey: Guid(2cda990e2423bbf4892e6590ba056729) Importer(815301076,1909f56bfc062723c751e8b465ee728b)
Start importing Assets/Scenes/GameScene.unity using Guid(2cda990e2423bbf4892e6590ba056729) Importer(815301076,1909f56bfc062723c751e8b465ee728b)  -> (artifact id: 'd84ec865cfaf3bf13acd15927523344c') in 0.005584 seconds
  Import took 0.007965 seconds .

========================================================================
Received Import Request.
  Time since last request: 0.000615 seconds.
  path: Assets/Scenes/GameScene.unity
  artifactKey: Guid(2cda990e2423bbf4892e6590ba056729) Importer(815301076,1909f56bfc062723c751e8b465ee728b)
Start importing Assets/Scenes/GameScene.unity using Guid(2cda990e2423bbf4892e6590ba056729) Importer(815301076,1909f56bfc062723c751e8b465ee728b)  -> (artifact id: 'd84ec865cfaf3bf13acd15927523344c') in 0.001203 seconds
  Import took 0.002776 seconds .

========================================================================
Received Import Request.
  Time since last request: 150.221262 seconds.
  path: Assets
  artifactKey: Guid(00000000000000001000000000000000) Importer(815301076,1909f56bfc062723c751e8b465ee728b)
Start importing Assets using Guid(00000000000000001000000000000000) Importer(815301076,1909f56bfc062723c751e8b465ee728b)  -> (artifact id: '42d402b061de3733987d63b9cc3b64de') in 0.004950 seconds
  Import took 0.007569 seconds .

========================================================================
Received Import Request.
  Time since last request: 4.767684 seconds.
  path: Assets/Scripts
  artifactKey: Guid(8ef84c12b1b3baf47aa3d77d9b87934e) Importer(815301076,1909f56bfc062723c751e8b465ee728b)
Start importing Assets/Scripts using Guid(8ef84c12b1b3baf47aa3d77d9b87934e) Importer(815301076,1909f56bfc062723c751e8b465ee728b)  -> (artifact id: '7313699e753e9ca1aba972f24f2896cc') in 0.004821 seconds
  Import took 0.007411 seconds .

========================================================================
Received Import Request.
  Time since last request: 10.798352 seconds.
  path: Assets/Scripts/GameHandler.cs
  artifactKey: Guid(2ce0c19266ceaab4192c3f375d657598) Importer(815301076,1909f56bfc062723c751e8b465ee728b)
Start importing Assets/Scripts/GameHandler.cs using Guid(2ce0c19266ceaab4192c3f375d657598) Importer(815301076,1909f56bfc062723c751e8b465ee728b)  -> (artifact id: '9229f99e3a329655d30550845520c317') in 0.015589 seconds
  Import took 0.018135 seconds .

========================================================================
Received Prepare
Registering precompiled user dll's ...
Registered in 0.001673 seconds.
Begin MonoManager ReloadAssembly
Native extension for WindowsStandalone target not found
Native extension for WebGL target not found
Refreshing native plugins compatible for Editor in 0.42 ms, found 3 plugins.
Preloading 0 native plugins for Editor in 0.00 ms.
Mono: successfully reloaded assembly
- Completed reload, in  0.624 seconds
Platform modules already initialized, skipping
Refreshing native plugins compatible for Editor in 0.36 ms, found 3 plugins.
Preloading 0 native plugins for Editor in 0.00 ms.
Unloading 2076 Unused Serialized files (Serialized files now loaded: 0)
System memory in use before: 92.8 MB.
System memory in use after: 92.8 MB.

Unloading 21 unused Assets to reduce memory usage. Loaded Objects now: 2518.
Total: 1.788800 ms (FindLiveObjects: 0.151500 ms CreateObjectMapping: 0.048600 ms MarkObjects: 1.522600 ms  DeleteObjects: 0.065500 ms)

========================================================================
Received Import Request.
  Time since last request: 30.958890 seconds.
  path: Assets/Textures
  artifactKey: Guid(add49fa6e0d558849bf510086c856ec6) Importer(815301076,1909f56bfc062723c751e8b465ee728b)
Start importing Assets/Textures using Guid(add49fa6e0d558849bf510086c856ec6) Importer(815301076,1909f56bfc062723c751e8b465ee728b)  -> (artifact id: '2d07b99c67acb0bedeed0543432a697e') in 0.006612 seconds
  Import took 0.009259 seconds .

========================================================================
Received Import Request.
  Time since last request: 193.298618 seconds.
  path: Assets/Textures/White_1x1.png
  artifactKey: Guid(441ebdc0e87f137419d68aa976d90f84) Importer(815301076,1909f56bfc062723c751e8b465ee728b)
Start importing Assets/Textures/White_1x1.png using Guid(441ebdc0e87f137419d68aa976d90f84) Importer(815301076,1909f56bfc062723c751e8b465ee728b)  -> (artifact id: '54bfbf1f8e289246f5b6cfb39e8e457f') in 0.054374 seconds
  Import took 0.057139 seconds .

========================================================================
Received Import Request.
  Time since last request: 8.927897 seconds.
  path: Assets/Textures/White_1x1.png
  artifactKey: Guid(441ebdc0e87f137419d68aa976d90f84) Importer(815301076,1909f56bfc062723c751e8b465ee728b)
Start importing Assets/Textures/White_1x1.png using Guid(441ebdc0e87f137419d68aa976d90f84) Importer(815301076,1909f56bfc062723c751e8b465ee728b)  -> (artifact id: 'd8df09a82a8134c46f341efb394b5073') in 0.004499 seconds
  Import took 0.007027 seconds .

========================================================================
Received Prepare
Registering precompiled user dll's ...
Registered in 0.001644 seconds.
Begin MonoManager ReloadAssembly
Native extension for WindowsStandalone target not found
Native extension for WebGL target not found
Refreshing native plugins compatible for Editor in 0.39 ms, found 3 plugins.
Preloading 0 native plugins for Editor in 0.00 ms.
Mono: successfully reloaded assembly
- Completed reload, in  0.608 seconds
Platform modules already initialized, skipping
Refreshing native plugins compatible for Editor in 0.32 ms, found 3 plugins.
Preloading 0 native plugins for Editor in 0.00 ms.
Unloading 2076 Unused Serialized files (Serialized files now loaded: 0)
System memory in use before: 95.8 MB.
System memory in use after: 95.8 MB.

Unloading 21 unused Assets to reduce memory usage. Loaded Objects now: 2528.
Total: 1.896300 ms (FindLiveObjects: 0.167000 ms CreateObjectMapping: 0.053900 ms MarkObjects: 1.582100 ms  DeleteObjects: 0.092600 ms)

========================================================================
Received Prepare
Registering precompiled user dll's ...
Registered in 0.001581 seconds.
Begin MonoManager ReloadAssembly
Native extension for WindowsStandalone target not found
Native extension for WebGL target not found
Refreshing native plugins compatible for Editor in 0.39 ms, found 3 plugins.
Preloading 0 native plugins for Editor in 0.00 ms.
Mono: successfully reloaded assembly
- Completed reload, in  0.621 seconds
Platform modules already initialized, skipping
Refreshing native plugins compatible for Editor in 0.38 ms, found 3 plugins.
Preloading 0 native plugins for Editor in 0.00 ms.
Unloading 2076 Unused Serialized files (Serialized files now loaded: 0)
System memory in use before: 95.8 MB.
System memory in use after: 95.8 MB.

Unloading 21 unused Assets to reduce memory usage. Loaded Objects now: 2532.
Total: 1.878000 ms (FindLiveObjects: 0.158400 ms CreateObjectMapping: 0.048600 ms MarkObjects: 1.579600 ms  DeleteObjects: 0.090700 ms)

========================================================================
Received Import Request.
  Time since last request: 767.873772 seconds.
  path: ProjectSettings/TagManager.asset
  artifactKey: Guid(00000000000000003000000000000000) Importer(815301076,1909f56bfc062723c751e8b465ee728b)
Start importing ProjectSettings/TagManager.asset using Guid(00000000000000003000000000000000) Importer(815301076,1909f56bfc062723c751e8b465ee728b)  -> (artifact id: '95df672b4aaba54310d34c83eef51bb8') in 0.017544 seconds
  Import took 0.020668 seconds .

========================================================================
Received Prepare
Registering precompiled user dll's ...
Registered in 0.001608 seconds.
Begin MonoManager ReloadAssembly
Native extension for WindowsStandalone target not found
Native extension for WebGL target not found
Refreshing native plugins compatible for Editor in 0.39 ms, found 3 plugins.
Preloading 0 native plugins for Editor in 0.00 ms.
Mono: successfully reloaded assembly
- Completed reload, in  0.604 seconds
Platform modules already initialized, skipping
Refreshing native plugins compatible for Editor in 0.41 ms, found 3 plugins.
Preloading 0 native plugins for Editor in 0.00 ms.
Unloading 2091 Unused Serialized files (Serialized files now loaded: 0)
System memory in use before: 96.2 MB.
System memory in use after: 96.2 MB.

Unloading 22 unused Assets to reduce memory usage. Loaded Objects now: 2551.
Total: 2.047600 ms (FindLiveObjects: 0.167200 ms CreateObjectMapping: 0.059100 ms MarkObjects: 1.732200 ms  DeleteObjects: 0.088300 ms)

========================================================================
Received Import Request.
  Time since last request: 102.799189 seconds.
  path: Assets/CodeMonkey
  artifactKey: Guid(6dcd59bbdddbedc4daf6fb1a20378967) Importer(815301076,1909f56bfc062723c751e8b465ee728b)
Start importing Assets/CodeMonkey using Guid(6dcd59bbdddbedc4daf6fb1a20378967) Importer(815301076,1909f56bfc062723c751e8b465ee728b)  -> (artifact id: '7f735de50ffe1dbc0fa943231926302f') in 0.006980 seconds
  Import took 0.009337 seconds .

========================================================================
Received Import Request.
  Time since last request: 10.630476 seconds.
  path: Assets/Utils
  artifactKey: Guid(6dcd59bbdddbedc4daf6fb1a20378967) Importer(815301076,1909f56bfc062723c751e8b465ee728b)
Start importing Assets/Utils using Guid(6dcd59bbdddbedc4daf6fb1a20378967) Importer(815301076,1909f56bfc062723c751e8b465ee728b)  -> (artifact id: '956f98a2b4cdcf888baf5cee04751924') in 0.004782 seconds
  Import took 0.007570 seconds .

========================================================================
Received Prepare
Registering precompiled user dll's ...
Registered in 0.001759 seconds.
Begin MonoManager ReloadAssembly
Native extension for WindowsStandalone target not found
Native extension for WebGL target not found
Refreshing native plugins compatible for Editor in 0.39 ms, found 3 plugins.
Preloading 0 native plugins for Editor in 0.00 ms.
Mono: successfully reloaded assembly
- Completed reload, in  0.610 seconds
Platform modules already initialized, skipping
Refreshing native plugins compatible for Editor in 0.36 ms, found 3 plugins.
Preloading 0 native plugins for Editor in 0.00 ms.
Unloading 2091 Unused Serialized files (Serialized files now loaded: 0)
System memory in use before: 96.2 MB.
System memory in use after: 96.2 MB.

Unloading 21 unused Assets to reduce memory usage. Loaded Objects now: 2555.
Total: 1.864300 ms (FindLiveObjects: 0.154400 ms CreateObjectMapping: 0.055300 ms MarkObjects: 1.560800 ms  DeleteObjects: 0.093200 ms)

========================================================================
Received Prepare
Registering precompiled user dll's ...
Registered in 0.001990 seconds.
Begin MonoManager ReloadAssembly
Native extension for WindowsStandalone target not found
Native extension for WebGL target not found
Refreshing native plugins compatible for Editor in 0.38 ms, found 3 plugins.
Preloading 0 native plugins for Editor in 0.00 ms.
Mono: successfully reloaded assembly
- Completed reload, in  0.602 seconds
Platform modules already initialized, skipping
Refreshing native plugins compatible for Editor in 0.39 ms, found 3 plugins.
Preloading 0 native plugins for Editor in 0.00 ms.
Unloading 2091 Unused Serialized files (Serialized files now loaded: 0)
System memory in use before: 96.3 MB.
System memory in use after: 96.2 MB.

Unloading 21 unused Assets to reduce memory usage. Loaded Objects now: 2559.
Total: 1.920900 ms (FindLiveObjects: 0.176000 ms CreateObjectMapping: 0.049300 ms MarkObjects: 1.604400 ms  DeleteObjects: 0.090400 ms)

========================================================================
Received Import Request.
  Time since last request: 11.581630 seconds.
  path: Assets/CodeMonkeyUtils
  artifactKey: Guid(6dcd59bbdddbedc4daf6fb1a20378967) Importer(815301076,1909f56bfc062723c751e8b465ee728b)
Start importing Assets/CodeMonkeyUtils using Guid(6dcd59bbdddbedc4daf6fb1a20378967) Importer(815301076,1909f56bfc062723c751e8b465ee728b)  -> (artifact id: '9083db4f4c919bd167c6450dbd8b4f9a') in 0.008475 seconds
  Import took 0.011191 seconds .

========================================================================
Received Prepare
Registering precompiled user dll's ...
Registered in 0.001617 seconds.
Begin MonoManager ReloadAssembly
Native extension for WindowsStandalone target not found
Native extension for WebGL target not found
Refreshing native plugins compatible for Editor in 0.38 ms, found 3 plugins.
Preloading 0 native plugins for Editor in 0.00 ms.
Mono: successfully reloaded assembly
- Completed reload, in  0.605 seconds
Platform modules already initialized, skipping
Refreshing native plugins compatible for Editor in 0.31 ms, found 3 plugins.
Preloading 0 native plugins for Editor in 0.00 ms.
Unloading 2091 Unused Serialized files (Serialized files now loaded: 0)
System memory in use before: 96.3 MB.
System memory in use after: 96.2 MB.

Unloading 21 unused Assets to reduce memory usage. Loaded Objects now: 2563.
Total: 1.674800 ms (FindLiveObjects: 0.121000 ms CreateObjectMapping: 0.046100 ms MarkObjects: 1.448000 ms  DeleteObjects: 0.059200 ms)

========================================================================
Received Import Request.
  Time since last request: 13.039287 seconds.
  path: Assets/CodeMonkeyUtils/Assets.cs
  artifactKey: Guid(eda7ff5f6e8175c4da119ea9ed256f6d) Importer(815301076,1909f56bfc062723c751e8b465ee728b)
Start importing Assets/CodeMonkeyUtils/Assets.cs using Guid(eda7ff5f6e8175c4da119ea9ed256f6d) Importer(815301076,1909f56bfc062723c751e8b465ee728b)  -> (artifact id: 'c0bfebec5d628bd54840c156ef836c5a') in 0.007759 seconds
  Import took 0.010610 seconds .

========================================================================
Received Import Request.
  Time since last request: 50.882889 seconds.
  path: Assets/CodeMonkeyUtils/Resources
  artifactKey: Guid(9c480003fd87d3548ae91e921a89a579) Importer(815301076,1909f56bfc062723c751e8b465ee728b)
Start importing Assets/CodeMonkeyUtils/Resources using Guid(9c480003fd87d3548ae91e921a89a579) Importer(815301076,1909f56bfc062723c751e8b465ee728b)  -> (artifact id: '979da2636c0cf90bb1242896185638d7') in 0.005290 seconds
  Import took 0.008435 seconds .

========================================================================
Received Import Request.
  Time since last request: 0.705009 seconds.
  path: Assets/CodeMonkeyUtils/Assets
  artifactKey: Guid(87d70cfb1e610ac4dadb3551cb1dc28b) Importer(815301076,1909f56bfc062723c751e8b465ee728b)
Start importing Assets/CodeMonkeyUtils/Assets using Guid(87d70cfb1e610ac4dadb3551cb1dc28b) Importer(815301076,1909f56bfc062723c751e8b465ee728b)  -> (artifact id: '2e2eba4ea591a8e9041429653a629a8b') in 0.002011 seconds
  Import took 0.004411 seconds .

========================================================================
Received Prepare
Registering precompiled user dll's ...
Registered in 0.001610 seconds.
Begin MonoManager ReloadAssembly
Native extension for WindowsStandalone target not found
Native extension for WebGL target not found
Refreshing native plugins compatible for Editor in 0.39 ms, found 3 plugins.
Preloading 0 native plugins for Editor in 0.00 ms.
Mono: successfully reloaded assembly
- Completed reload, in  0.598 seconds
Platform modules already initialized, skipping
Refreshing native plugins compatible for Editor in 0.40 ms, found 3 plugins.
Preloading 0 native plugins for Editor in 0.00 ms.
Unloading 2091 Unused Serialized files (Serialized files now loaded: 0)
System memory in use before: 96.3 MB.
System memory in use after: 96.3 MB.

Unloading 21 unused Assets to reduce memory usage. Loaded Objects now: 2567.
Total: 1.992700 ms (FindLiveObjects: 0.178400 ms CreateObjectMapping: 0.062100 ms MarkObjects: 1.663300 ms  DeleteObjects: 0.088300 ms)

========================================================================
Received Prepare
Registering precompiled user dll's ...
Registered in 0.001620 seconds.
Begin MonoManager ReloadAssembly
Native extension for WindowsStandalone target not found
Native extension for WebGL target not found
Refreshing native plugins compatible for Editor in 0.39 ms, found 3 plugins.
Preloading 0 native plugins for Editor in 0.00 ms.
Mono: successfully reloaded assembly
- Completed reload, in  0.596 seconds
Platform modules already initialized, skipping
Refreshing native plugins compatible for Editor in 0.40 ms, found 3 plugins.
Preloading 0 native plugins for Editor in 0.00 ms.
Unloading 2091 Unused Serialized files (Serialized files now loaded: 0)
System memory in use before: 96.3 MB.
System memory in use after: 96.3 MB.

Unloading 21 unused Assets to reduce memory usage. Loaded Objects now: 2571.
Total: 1.893500 ms (FindLiveObjects: 0.155600 ms CreateObjectMapping: 0.051700 ms MarkObjects: 1.597300 ms  DeleteObjects: 0.088300 ms)

========================================================================
Received Prepare
Registering precompiled user dll's ...
Registered in 0.001726 seconds.
Begin MonoManager ReloadAssembly
Native extension for WindowsStandalone target not found
Native extension for WebGL target not found
Refreshing native plugins compatible for Editor in 0.39 ms, found 3 plugins.
Preloading 0 native plugins for Editor in 0.00 ms.
Mono: successfully reloaded assembly
- Completed reload, in  0.617 seconds
Platform modules already initialized, skipping
Refreshing native plugins compatible for Editor in 0.44 ms, found 3 plugins.
Preloading 0 native plugins for Editor in 0.00 ms.
Unloading 2091 Unused Serialized files (Serialized files now loaded: 0)
System memory in use before: 96.3 MB.
System memory in use after: 96.3 MB.

Unloading 21 unused Assets to reduce memory usage. Loaded Objects now: 2575.
Total: 1.939300 ms (FindLiveObjects: 0.180000 ms CreateObjectMapping: 0.056900 ms MarkObjects: 1.602400 ms  DeleteObjects: 0.099000 ms)

========================================================================
Received Prepare
Registering precompiled user dll's ...
Registered in 0.001708 seconds.
Begin MonoManager ReloadAssembly
Native extension for WindowsStandalone target not found
Native extension for WebGL target not found
Refreshing native plugins compatible for Editor in 0.39 ms, found 3 plugins.
Preloading 0 native plugins for Editor in 0.00 ms.
Mono: successfully reloaded assembly
- Completed reload, in  0.612 seconds
Platform modules already initialized, skipping
Refreshing native plugins compatible for Editor in 0.40 ms, found 3 plugins.
Preloading 0 native plugins for Editor in 0.00 ms.
Unloading 2091 Unused Serialized files (Serialized files now loaded: 0)
System memory in use before: 96.3 MB.
System memory in use after: 96.3 MB.

Unloading 21 unused Assets to reduce memory usage. Loaded Objects now: 2579.
Total: 1.871000 ms (FindLiveObjects: 0.167900 ms CreateObjectMapping: 0.050000 ms MarkObjects: 1.568200 ms  DeleteObjects: 0.083800 ms)

========================================================================
Received Prepare
Registering precompiled user dll's ...
Registered in 0.001689 seconds.
Begin MonoManager ReloadAssembly
Native extension for WindowsStandalone target not found
Native extension for WebGL target not found
Refreshing native plugins compatible for Editor in 0.39 ms, found 3 plugins.
Preloading 0 native plugins for Editor in 0.00 ms.
Mono: successfully reloaded assembly
- Completed reload, in  0.608 seconds
Platform modules already initialized, skipping
Refreshing native plugins compatible for Editor in 0.43 ms, found 3 plugins.
Preloading 0 native plugins for Editor in 0.00 ms.
Unloading 2092 Unused Serialized files (Serialized files now loaded: 0)
System memory in use before: 96.3 MB.
System memory in use after: 96.3 MB.

Unloading 21 unused Assets to reduce memory usage. Loaded Objects now: 2584.
Total: 1.881800 ms (FindLiveObjects: 0.164100 ms CreateObjectMapping: 0.051100 ms MarkObjects: 1.578000 ms  DeleteObjects: 0.088000 ms)

========================================================================
Received Import Request.
  Time since last request: 226.147269 seconds.
  path: Assets/Scripts/NewBehaviourScript.cs
  artifactKey: Guid(31f2eb821ca3e9648a514290463745c0) Importer(815301076,1909f56bfc062723c751e8b465ee728b)
Start importing Assets/Scripts/NewBehaviourScript.cs using Guid(31f2eb821ca3e9648a514290463745c0) Importer(815301076,1909f56bfc062723c751e8b465ee728b)  -> (artifact id: 'b0b5e496406c4dd52588c7a25508c4ae') in 0.007038 seconds
  Import took 0.009642 seconds .

========================================================================
Received Import Request.
  Time since last request: 11.444929 seconds.
  path: Assets/Scripts/GameAssets.cs
  artifactKey: Guid(31f2eb821ca3e9648a514290463745c0) Importer(815301076,1909f56bfc062723c751e8b465ee728b)
Start importing Assets/Scripts/GameAssets.cs using Guid(31f2eb821ca3e9648a514290463745c0) Importer(815301076,1909f56bfc062723c751e8b465ee728b)  -> (artifact id: '0d360792c340d8ef1e82e0ad6492cbaf') in 0.004484 seconds
  Import took 0.006988 seconds .

========================================================================
Received Import Request.
  Time since last request: 0.000184 seconds.
  path: Assets/Scripts/GameAssets.cs
  artifactKey: Guid(31f2eb821ca3e9648a514290463745c0) Importer(815301076,1909f56bfc062723c751e8b465ee728b)
Start importing Assets/Scripts/GameAssets.cs using Guid(31f2eb821ca3e9648a514290463745c0) Importer(815301076,1909f56bfc062723c751e8b465ee728b)  -> (artifact id: '0d360792c340d8ef1e82e0ad6492cbaf') in 0.001129 seconds
  Import took 0.002747 seconds .

========================================================================
Received Prepare
Registering precompiled user dll's ...
Registered in 0.001582 seconds.
Begin MonoManager ReloadAssembly
Native extension for WindowsStandalone target not found
Native extension for WebGL target not found
Refreshing native plugins compatible for Editor in 0.39 ms, found 3 plugins.
Preloading 0 native plugins for Editor in 0.00 ms.
Mono: successfully reloaded assembly
- Completed reload, in  0.596 seconds
Platform modules already initialized, skipping
Refreshing native plugins compatible for Editor in 0.27 ms, found 3 plugins.
Preloading 0 native plugins for Editor in 0.00 ms.
Unloading 2092 Unused Serialized files (Serialized files now loaded: 0)
System memory in use before: 96.3 MB.
System memory in use after: 96.3 MB.

Unloading 21 unused Assets to reduce memory usage. Loaded Objects now: 2588.
Total: 1.997200 ms (FindLiveObjects: 0.160300 ms CreateObjectMapping: 0.054100 ms MarkObjects: 1.691500 ms  DeleteObjects: 0.090700 ms)

========================================================================
Received Import Request.
  Time since last request: 81.703837 seconds.
  path: Assets/Scripts/GameHandler.cs
  artifactKey: Guid(2ce0c19266ceaab4192c3f375d657598) Importer(815301076,1909f56bfc062723c751e8b465ee728b)
Start importing Assets/Scripts/GameHandler.cs using Guid(2ce0c19266ceaab4192c3f375d657598) Importer(815301076,1909f56bfc062723c751e8b465ee728b)  -> (artifact id: 'c99b03b9d3850baaa93182dee3dfbd66') in 0.006966 seconds
  Import took 0.009607 seconds .

========================================================================
Received Prepare
Registering precompiled user dll's ...
Registered in 0.001784 seconds.
Begin MonoManager ReloadAssembly
Native extension for WindowsStandalone target not found
Native extension for WebGL target not found
Refreshing native plugins compatible for Editor in 0.38 ms, found 3 plugins.
Preloading 0 native plugins for Editor in 0.00 ms.
Mono: successfully reloaded assembly
- Completed reload, in  0.604 seconds
Platform modules already initialized, skipping
Refreshing native plugins compatible for Editor in 0.40 ms, found 3 plugins.
Preloading 0 native plugins for Editor in 0.00 ms.
Unloading 2091 Unused Serialized files (Serialized files now loaded: 0)
System memory in use before: 96.3 MB.
System memory in use after: 96.3 MB.

Unloading 22 unused Assets to reduce memory usage. Loaded Objects now: 2591.
Total: 1.936700 ms (FindLiveObjects: 0.148800 ms CreateObjectMapping: 0.049200 ms MarkObjects: 1.651100 ms  DeleteObjects: 0.086900 ms)

========================================================================
Received Import Request.
  Time since last request: 19.639962 seconds.
  path: Assets/Scripts/GameAssets.cs
  artifactKey: Guid(31f2eb821ca3e9648a514290463745c0) Importer(815301076,1909f56bfc062723c751e8b465ee728b)
Start importing Assets/Scripts/GameAssets.cs using Guid(31f2eb821ca3e9648a514290463745c0) Importer(815301076,1909f56bfc062723c751e8b465ee728b)  -> (artifact id: 'eb0dc8bb262ffa5c8674adef940a3e29') in 0.003745 seconds
  Import took 0.006269 seconds .

========================================================================
Received Import Request.
  Time since last request: 0.000798 seconds.
  path: Assets/Scripts/GameAssets.cs
  artifactKey: Guid(31f2eb821ca3e9648a514290463745c0) Importer(815301076,1909f56bfc062723c751e8b465ee728b)
Start importing Assets/Scripts/GameAssets.cs using Guid(31f2eb821ca3e9648a514290463745c0) Importer(815301076,1909f56bfc062723c751e8b465ee728b)  -> (artifact id: 'eb0dc8bb262ffa5c8674adef940a3e29') in 0.001102 seconds
  Import took 0.003263 seconds .

========================================================================
Received Prepare
Registering precompiled user dll's ...
Registered in 0.001609 seconds.
Begin MonoManager ReloadAssembly
Native extension for WindowsStandalone target not found
Native extension for WebGL target not found
Refreshing native plugins compatible for Editor in 0.39 ms, found 3 plugins.
Preloading 0 native plugins for Editor in 0.00 ms.
Mono: successfully reloaded assembly
- Completed reload, in  0.598 seconds
Platform modules already initialized, skipping
Refreshing native plugins compatible for Editor in 0.39 ms, found 3 plugins.
Preloading 0 native plugins for Editor in 0.00 ms.
Unloading 2092 Unused Serialized files (Serialized files now loaded: 0)
System memory in use before: 96.4 MB.
System memory in use after: 96.3 MB.

Unloading 21 unused Assets to reduce memory usage. Loaded Objects now: 2596.
Total: 1.908300 ms (FindLiveObjects: 0.175300 ms CreateObjectMapping: 0.049000 ms MarkObjects: 1.595000 ms  DeleteObjects: 0.088400 ms)

========================================================================
Received Prepare
Registering precompiled user dll's ...
Registered in 0.001753 seconds.
Begin MonoManager ReloadAssembly
Native extension for WindowsStandalone target not found
Native extension for WebGL target not found
Refreshing native plugins compatible for Editor in 0.39 ms, found 3 plugins.
Preloading 0 native plugins for Editor in 0.00 ms.
Mono: successfully reloaded assembly
- Completed reload, in  0.611 seconds
Platform modules already initialized, skipping
Refreshing native plugins compatible for Editor in 0.36 ms, found 3 plugins.
Preloading 0 native plugins for Editor in 0.00 ms.
Unloading 2092 Unused Serialized files (Serialized files now loaded: 0)
System memory in use before: 96.4 MB.
System memory in use after: 96.3 MB.

Unloading 21 unused Assets to reduce memory usage. Loaded Objects now: 2600.
Total: 1.934000 ms (FindLiveObjects: 0.167200 ms CreateObjectMapping: 0.052500 ms MarkObjects: 1.626600 ms  DeleteObjects: 0.087000 ms)

========================================================================
Received Prepare
Registering precompiled user dll's ...
Registered in 0.001600 seconds.
Begin MonoManager ReloadAssembly
Native extension for WindowsStandalone target not found
Native extension for WebGL target not found
Refreshing native plugins compatible for Editor in 0.40 ms, found 3 plugins.
Preloading 0 native plugins for Editor in 0.00 ms.
Mono: successfully reloaded assembly
- Completed reload, in  0.592 seconds
Platform modules already initialized, skipping
Refreshing native plugins compatible for Editor in 0.21 ms, found 3 plugins.
Preloading 0 native plugins for Editor in 0.00 ms.
Unloading 2092 Unused Serialized files (Serialized files now loaded: 0)
System memory in use before: 96.4 MB.
System memory in use after: 96.4 MB.

Unloading 21 unused Assets to reduce memory usage. Loaded Objects now: 2604.
Total: 2.024400 ms (FindLiveObjects: 0.180600 ms CreateObjectMapping: 0.057400 ms MarkObjects: 1.687100 ms  DeleteObjects: 0.098500 ms)

========================================================================
Received Prepare
Registering precompiled user dll's ...
Registered in 0.001893 seconds.
Begin MonoManager ReloadAssembly
Native extension for WindowsStandalone target not found
Native extension for WebGL target not found
Refreshing native plugins compatible for Editor in 0.39 ms, found 3 plugins.
Preloading 0 native plugins for Editor in 0.00 ms.
Mono: successfully reloaded assembly
- Completed reload, in  0.609 seconds
Platform modules already initialized, skipping
Refreshing native plugins compatible for Editor in 0.45 ms, found 3 plugins.
Preloading 0 native plugins for Editor in 0.00 ms.
Unloading 2092 Unused Serialized files (Serialized files now loaded: 0)
System memory in use before: 96.4 MB.
System memory in use after: 96.4 MB.

Unloading 21 unused Assets to reduce memory usage. Loaded Objects now: 2608.
Total: 1.799800 ms (FindLiveObjects: 0.136400 ms CreateObjectMapping: 0.039500 ms MarkObjects: 1.538600 ms  DeleteObjects: 0.084700 ms)

========================================================================
Received Prepare
Registering precompiled user dll's ...
Registered in 0.001672 seconds.
Begin MonoManager ReloadAssembly
Native extension for WindowsStandalone target not found
Native extension for WebGL target not found
Refreshing native plugins compatible for Editor in 0.41 ms, found 3 plugins.
Preloading 0 native plugins for Editor in 0.00 ms.
Mono: successfully reloaded assembly
- Completed reload, in  0.607 seconds
Platform modules already initialized, skipping
Refreshing native plugins compatible for Editor in 0.40 ms, found 3 plugins.
Preloading 0 native plugins for Editor in 0.00 ms.
Unloading 2092 Unused Serialized files (Serialized files now loaded: 0)
System memory in use before: 96.4 MB.
System memory in use after: 96.4 MB.

Unloading 21 unused Assets to reduce memory usage. Loaded Objects now: 2612.
Total: 2.006800 ms (FindLiveObjects: 0.170800 ms CreateObjectMapping: 0.053900 ms MarkObjects: 1.702700 ms  DeleteObjects: 0.078600 ms)

========================================================================
Received Prepare
Registering precompiled user dll's ...
Registered in 0.001656 seconds.
Begin MonoManager ReloadAssembly
Native extension for WindowsStandalone target not found
Native extension for WebGL target not found
Refreshing native plugins compatible for Editor in 0.40 ms, found 3 plugins.
Preloading 0 native plugins for Editor in 0.00 ms.
Mono: successfully reloaded assembly
- Completed reload, in  0.605 seconds
Platform modules already initialized, skipping
Refreshing native plugins compatible for Editor in 0.39 ms, found 3 plugins.
Preloading 0 native plugins for Editor in 0.00 ms.
Unloading 2092 Unused Serialized files (Serialized files now loaded: 0)
System memory in use before: 96.4 MB.
System memory in use after: 96.4 MB.

Unloading 21 unused Assets to reduce memory usage. Loaded Objects now: 2616.
Total: 2.132800 ms (FindLiveObjects: 0.199200 ms CreateObjectMapping: 0.059800 ms MarkObjects: 1.781900 ms  DeleteObjects: 0.091100 ms)

========================================================================
Received Import Request.
  Time since last request: 358.937367 seconds.
  path: Assets/Scripts/Bird.cs
  artifactKey: Guid(35529e7542d2fed4cb5224112d2ec533) Importer(815301076,1909f56bfc062723c751e8b465ee728b)
Start importing Assets/Scripts/Bird.cs using Guid(35529e7542d2fed4cb5224112d2ec533) Importer(815301076,1909f56bfc062723c751e8b465ee728b)  -> (artifact id: '1aa3b176f388778bab4943197bda74d9') in 0.004172 seconds
  Import took 0.007108 seconds .

========================================================================
Received Import Request.
  Time since last request: 0.046153 seconds.
  path: Assets/Scripts/Bird.cs
  artifactKey: Guid(35529e7542d2fed4cb5224112d2ec533) Importer(815301076,1909f56bfc062723c751e8b465ee728b)
Start importing Assets/Scripts/Bird.cs using Guid(35529e7542d2fed4cb5224112d2ec533) Importer(815301076,1909f56bfc062723c751e8b465ee728b)  -> (artifact id: '1aa3b176f388778bab4943197bda74d9') in 0.001394 seconds
  Import took 0.004042 seconds .

========================================================================
Received Prepare
Registering precompiled user dll's ...
Registered in 0.001734 seconds.
Begin MonoManager ReloadAssembly
Native extension for WindowsStandalone target not found
Native extension for WebGL target not found
Refreshing native plugins compatible for Editor in 0.39 ms, found 3 plugins.
Preloading 0 native plugins for Editor in 0.00 ms.
Mono: successfully reloaded assembly
- Completed reload, in  0.604 seconds
Platform modules already initialized, skipping
Refreshing native plugins compatible for Editor in 0.40 ms, found 3 plugins.
Preloading 0 native plugins for Editor in 0.00 ms.
Unloading 2093 Unused Serialized files (Serialized files now loaded: 0)
System memory in use before: 96.4 MB.
System memory in use after: 96.4 MB.

Unloading 21 unused Assets to reduce memory usage. Loaded Objects now: 2621.
Total: 1.815100 ms (FindLiveObjects: 0.207800 ms CreateObjectMapping: 0.045200 ms MarkObjects: 1.477200 ms  DeleteObjects: 0.084200 ms)

========================================================================
Received Import Request.
  Time since last request: 170.725175 seconds.
  path: Assets/Scripts/Bird.cs
  artifactKey: Guid(35529e7542d2fed4cb5224112d2ec533) Importer(815301076,1909f56bfc062723c751e8b465ee728b)
Start importing Assets/Scripts/Bird.cs using Guid(35529e7542d2fed4cb5224112d2ec533) Importer(815301076,1909f56bfc062723c751e8b465ee728b)  -> (artifact id: '1e21994d01d034ccdecb9ecc1072b685') in 0.003947 seconds
  Import took 0.006613 seconds .

========================================================================
Received Prepare
Registering precompiled user dll's ...
Registered in 0.001934 seconds.
Begin MonoManager ReloadAssembly
Native extension for WindowsStandalone target not found
Native extension for WebGL target not found
Refreshing native plugins compatible for Editor in 0.39 ms, found 3 plugins.
Preloading 0 native plugins for Editor in 0.00 ms.
Mono: successfully reloaded assembly
- Completed reload, in  0.635 seconds
Platform modules already initialized, skipping
Refreshing native plugins compatible for Editor in 0.37 ms, found 3 plugins.
Preloading 0 native plugins for Editor in 0.00 ms.
Unloading 2093 Unused Serialized files (Serialized files now loaded: 0)
System memory in use before: 96.4 MB.
System memory in use after: 96.4 MB.

Unloading 21 unused Assets to reduce memory usage. Loaded Objects now: 2625.
Total: 1.964100 ms (FindLiveObjects: 0.177100 ms CreateObjectMapping: 0.051200 ms MarkObjects: 1.646300 ms  DeleteObjects: 0.088800 ms)

========================================================================
Received Import Request.
  Time since last request: 76.211039 seconds.
  path: Assets/Scripts/Bird.cs
  artifactKey: Guid(35529e7542d2fed4cb5224112d2ec533) Importer(815301076,1909f56bfc062723c751e8b465ee728b)
Start importing Assets/Scripts/Bird.cs using Guid(35529e7542d2fed4cb5224112d2ec533) Importer(815301076,1909f56bfc062723c751e8b465ee728b)  -> (artifact id: '995b83966b7f7e986b53da13d7dd3a38') in 0.004263 seconds
  Import took 0.006696 seconds .

========================================================================
Received Prepare
Registering precompiled user dll's ...
Registered in 0.001585 seconds.
Begin MonoManager ReloadAssembly
Native extension for WindowsStandalone target not found
Native extension for WebGL target not found
Refreshing native plugins compatible for Editor in 0.38 ms, found 3 plugins.
Preloading 0 native plugins for Editor in 0.00 ms.
Mono: successfully reloaded assembly
- Completed reload, in  0.602 seconds
Platform modules already initialized, skipping
Refreshing native plugins compatible for Editor in 0.40 ms, found 3 plugins.
Preloading 0 native plugins for Editor in 0.00 ms.
Unloading 2093 Unused Serialized files (Serialized files now loaded: 0)
System memory in use before: 96.5 MB.
System memory in use after: 96.4 MB.

Unloading 21 unused Assets to reduce memory usage. Loaded Objects now: 2629.
Total: 2.104100 ms (FindLiveObjects: 0.197900 ms CreateObjectMapping: 0.062400 ms MarkObjects: 1.751900 ms  DeleteObjects: 0.091200 ms)

========================================================================
Received Import Request.
  Time since last request: 303.366445 seconds.
  path: Assets/Scripts/Bird.cs
  artifactKey: Guid(35529e7542d2fed4cb5224112d2ec533) Importer(815301076,1909f56bfc062723c751e8b465ee728b)
Start importing Assets/Scripts/Bird.cs using Guid(35529e7542d2fed4cb5224112d2ec533) Importer(815301076,1909f56bfc062723c751e8b465ee728b)  -> (artifact id: '0837ea5df31a4f7ffc2ad8af23073e36') in 0.004453 seconds
  Import took 0.007160 seconds .

========================================================================
Received Import Request.
  Time since last request: 0.000995 seconds.
  path: Assets/Scripts/Bird.cs
  artifactKey: Guid(35529e7542d2fed4cb5224112d2ec533) Importer(815301076,1909f56bfc062723c751e8b465ee728b)
Start importing Assets/Scripts/Bird.cs using Guid(35529e7542d2fed4cb5224112d2ec533) Importer(815301076,1909f56bfc062723c751e8b465ee728b)  -> (artifact id: '0837ea5df31a4f7ffc2ad8af23073e36') in 0.001172 seconds
  Import took 0.003028 seconds .

AssetImportWorkerClient::OnTransportError - code=2 error=End of file
